# JRE version: OpenJDK Runtime Environment Temurin-17+35 (17.0+35) (build 17+35)
# Java VM: OpenJDK 64-Bit Server VM Temurin-17+35 (17+35, mixed mode, sharing, tiered, compressed oops, compressed class ptrs, parallel gc, linux-amd64)
GC Precious Log:
 CPUs: 16 total, 16 available
 Memory: 15680M
 Large Page Support: Disabled
 NUMA Support: Disabled
 Compressed Oops: Enabled (Zero based)
 Alignments: Space 512K, Generation 512K, Heap 2M
 Heap Min Capacity: 8M
 Heap Initial Capacity: 246M
 Heap Max Capacity: 3922M
 Pre-touch: Disabled
 Parallel Workers: 13
Heap:
 PSYoungGen      total 72192K, used 46903K [0x00000007ae500000, 0x00000007b4280000, 0x0000000800000000)
  eden space 50688K, 83% used [0x00000007ae500000,0x00000007b0e678e0,0x00000007b1680000)
  from space 21504K, 20% used [0x00000007b2d80000,0x00000007b31e6708,0x00000007b4280000)
  to   space 22528K, 0% used [0x00000007b1680000,0x00000007b1680000,0x00000007b2c80000)
 ParOldGen       total 126464K, used 46725K [0x000000070ae00000, 0x0000000712980000, 0x00000007ae500000)
  object space 126464K, 36% used [0x000000070ae00000,0x000000070dba1508,0x0000000712980000)
 Metaspace       used 93959K, committed 94784K, reserved 1138688K
  class space    used 11779K, committed 12096K, reserved 1048576K
GC Heap History (20 events):
Event: 3360.836 GC heap before
{Heap before GC invocations=52 (full 4):
 PSYoungGen      total 66048K, used 65388K [0x00000007ae500000, 0x00000007b4980000, 0x0000000800000000)
  eden space 48128K, 99% used [0x00000007ae500000,0x00000007b13efe00,0x00000007b1400000)
  from space 17920K, 96% used [0x00000007b2800000,0x00000007b38eb4d0,0x00000007b3980000)
  to   space 20480K, 0% used [0x00000007b1400000,0x00000007b1400000,0x00000007b2800000)
 ParOldGen       total 122368K, used 77246K [0x000000070ae00000, 0x0000000712580000, 0x00000007ae500000)
  object space 122368K, 63% used [0x000000070ae00000,0x000000070f96fb40,0x0000000712580000)
 Metaspace       used 92891K, committed 93632K, reserved 1138688K
  class space    used 11695K, committed 11968K, reserved 1048576K
}
Event: 3360.841 GC heap after
{Heap after GC invocations=52 (full 4):
 PSYoungGen      total 68608K, used 672K [0x00000007ae500000, 0x00000007b4680000, 0x0000000800000000)
  eden space 48128K, 0% used [0x00000007ae500000,0x00000007ae500000,0x00000007b1400000)
  from space 20480K, 3% used [0x00000007b1400000,0x00000007b14a8000,0x00000007b2800000)
  to   space 20480K, 0% used [0x00000007b3280000,0x00000007b3280000,0x00000007b4680000)
 ParOldGen       total 122368K, used 94255K [0x000000070ae00000, 0x0000000712580000, 0x00000007ae500000)
  object space 122368K, 77% used [0x000000070ae00000,0x0000000710a0bd50,0x0000000712580000)
 Metaspace       used 92891K, committed 93632K, reserved 1138688K
  class space    used 11695K, committed 11968K, reserved 1048576K
}
Event: 3374.371 GC heap before
{Heap before GC invocations=53 (full 4):
 PSYoungGen      total 68608K, used 48800K [0x00000007ae500000, 0x00000007b4680000, 0x0000000800000000)
  eden space 48128K, 100% used [0x00000007ae500000,0x00000007b1400000,0x00000007b1400000)
  from space 20480K, 3% used [0x00000007b1400000,0x00000007b14a8000,0x00000007b2800000)
  to   space 20480K, 0% used [0x00000007b3280000,0x00000007b3280000,0x00000007b4680000)
 ParOldGen       total 122368K, used 94255K [0x000000070ae00000, 0x0000000712580000, 0x00000007ae500000)
  object space 122368K, 77% used [0x000000070ae00000,0x0000000710a0bd50,0x0000000712580000)
 Metaspace       used 92987K, committed 93824K, reserved 1138688K
  class space    used 11710K, committed 12032K, reserved 1048576K
}
Event: 3374.374 GC heap after
{Heap after GC invocations=53 (full 4):
 PSYoungGen      total 60928K, used 13581K [0x00000007ae500000, 0x00000007b4000000, 0x0000000800000000)
  eden space 47104K, 0% used [0x00000007ae500000,0x00000007ae500000,0x00000007b1300000)
  from space 13824K, 98% used [0x00000007b3280000,0x00000007b3fc3548,0x00000007b4000000)
  to   space 21504K, 0% used [0x00000007b1600000,0x00000007b1600000,0x00000007b2b00000)
 ParOldGen       total 122368K, used 94703K [0x000000070ae00000, 0x0000000712580000, 0x00000007ae500000)
  object space 122368K, 77% used [0x000000070ae00000,0x0000000710a7bd60,0x0000000712580000)
 Metaspace       used 92987K, committed 93824K, reserved 1138688K
  class space    used 11710K, committed 12032K, reserved 1048576K
}
Event: 3727.094 GC heap before
{Heap before GC invocations=54 (full 4):
 PSYoungGen      total 60928K, used 60685K [0x00000007ae500000, 0x00000007b4000000, 0x0000000800000000)
  eden space 47104K, 100% used [0x00000007ae500000,0x00000007b1300000,0x00000007b1300000)
  from space 13824K, 98% used [0x00000007b3280000,0x00000007b3fc3548,0x00000007b4000000)
  to   space 21504K, 0% used [0x00000007b1600000,0x00000007b1600000,0x00000007b2b00000)
 ParOldGen       total 122368K, used 94703K [0x000000070ae00000, 0x0000000712580000, 0x00000007ae500000)
  object space 122368K, 77% used [0x000000070ae00000,0x0000000710a7bd60,0x0000000712580000)
 Metaspace       used 93157K, committed 93952K, reserved 1138688K
  class space    used 11724K, committed 12032K, reserved 1048576K
}
Event: 3727.095 GC heap after
{Heap after GC invocations=54 (full 4):
 PSYoungGen      total 51712K, used 4833K [0x00000007ae500000, 0x00000007b3b80000, 0x0000000800000000)
  eden space 46592K, 0% used [0x00000007ae500000,0x00000007ae500000,0x00000007b1280000)
  from space 5120K, 94% used [0x00000007b1600000,0x00000007b1ab8490,0x00000007b1b00000)
  to   space 20992K, 0% used [0x00000007b2700000,0x00000007b2700000,0x00000007b3b80000)
 ParOldGen       total 122368K, used 94878K [0x000000070ae00000, 0x0000000712580000, 0x00000007ae500000)
  object space 122368K, 77% used [0x000000070ae00000,0x0000000710aa7b10,0x0000000712580000)
 Metaspace       used 93157K, committed 93952K, reserved 1138688K
  class space    used 11724K, committed 12032K, reserved 1048576K
}
Event: 3727.180 GC heap before
{Heap before GC invocations=55 (full 4):
 PSYoungGen      total 51712K, used 51425K [0x00000007ae500000, 0x00000007b3b80000, 0x0000000800000000)
  eden space 46592K, 100% used [0x00000007ae500000,0x00000007b1280000,0x00000007b1280000)
  from space 5120K, 94% used [0x00000007b1600000,0x00000007b1ab8490,0x00000007b1b00000)
  to   space 20992K, 0% used [0x00000007b2700000,0x00000007b2700000,0x00000007b3b80000)
 ParOldGen       total 122368K, used 94878K [0x000000070ae00000, 0x0000000712580000, 0x00000007ae500000)
  object space 122368K, 77% used [0x000000070ae00000,0x0000000710aa7b10,0x0000000712580000)
 Metaspace       used 93263K, committed 94080K, reserved 1138688K
  class space    used 11744K, committed 12032K, reserved 1048576K
}
Event: 3727.183 GC heap after
{Heap after GC invocations=55 (full 4):
 PSYoungGen      total 66048K, used 16506K [0x00000007ae500000, 0x00000007b4880000, 0x0000000800000000)
  eden space 45056K, 0% used [0x00000007ae500000,0x00000007ae500000,0x00000007b1100000)
  from space 20992K, 78% used [0x00000007b2700000,0x00000007b371ea08,0x00000007b3b80000)
  to   space 22528K, 0% used [0x00000007b1100000,0x00000007b1100000,0x00000007b2700000)
 ParOldGen       total 122368K, used 99267K [0x000000070ae00000, 0x0000000712580000, 0x00000007ae500000)
  object space 122368K, 81% used [0x000000070ae00000,0x0000000710ef0e10,0x0000000712580000)
 Metaspace       used 93263K, committed 94080K, reserved 1138688K
  class space    used 11744K, committed 12032K, reserved 1048576K
}
Event: 3732.622 GC heap before
{Heap before GC invocations=56 (full 4):
 PSYoungGen      total 66048K, used 61562K [0x00000007ae500000, 0x00000007b4880000, 0x0000000800000000)
  eden space 45056K, 100% used [0x00000007ae500000,0x00000007b1100000,0x00000007b1100000)
  from space 20992K, 78% used [0x00000007b2700000,0x00000007b371ea08,0x00000007b3b80000)
  to   space 22528K, 0% used [0x00000007b1100000,0x00000007b1100000,0x00000007b2700000)
 ParOldGen       total 122368K, used 99267K [0x000000070ae00000, 0x0000000712580000, 0x00000007ae500000)
  object space 122368K, 81% used [0x000000070ae00000,0x0000000710ef0e10,0x0000000712580000)
 Metaspace       used 93494K, committed 94336K, reserved 1138688K
  class space    used 11759K, committed 12096K, reserved 1048576K
}
Event: 3732.627 GC heap after
{Heap after GC invocations=56 (full 4):
 PSYoungGen      total 67584K, used 11903K [0x00000007ae500000, 0x00000007b4680000, 0x0000000800000000)
  eden space 45056K, 0% used [0x00000007ae500000,0x00000007ae500000,0x00000007b1100000)
  from space 22528K, 52% used [0x00000007b1100000,0x00000007b1c9ff68,0x00000007b2700000)
  to   space 22528K, 0% used [0x00000007b3080000,0x00000007b3080000,0x00000007b4680000)
 ParOldGen       total 122368K, used 115671K [0x000000070ae00000, 0x0000000712580000, 0x00000007ae500000)
  object space 122368K, 94% used [0x000000070ae00000,0x0000000711ef5d28,0x0000000712580000)
 Metaspace       used 93494K, committed 94336K, reserved 1138688K
  class space    used 11759K, committed 12096K, reserved 1048576K
}
Event: 3732.627 GC heap before
{Heap before GC invocations=57 (full 5):
 PSYoungGen      total 67584K, used 11903K [0x00000007ae500000, 0x00000007b4680000, 0x0000000800000000)
  eden space 45056K, 0% used [0x00000007ae500000,0x00000007ae500000,0x00000007b1100000)
  from space 22528K, 52% used [0x00000007b1100000,0x00000007b1c9ff68,0x00000007b2700000)
  to   space 22528K, 0% used [0x00000007b3080000,0x00000007b3080000,0x00000007b4680000)
 ParOldGen       total 122368K, used 115671K [0x000000070ae00000, 0x0000000712580000, 0x00000007ae500000)
  object space 122368K, 94% used [0x000000070ae00000,0x0000000711ef5d28,0x0000000712580000)
 Metaspace       used 93494K, committed 94336K, reserved 1138688K
  class space    used 11759K, committed 12096K, reserved 1048576K
}
Event: 3732.668 GC heap after
{Heap after GC invocations=57 (full 5):
 PSYoungGen      total 77312K, used 0K [0x00000007ae500000, 0x00000007b4680000, 0x0000000800000000)
  eden space 54784K, 0% used [0x00000007ae500000,0x00000007ae500000,0x00000007b1a80000)
  from space 22528K, 0% used [0x00000007b3080000,0x00000007b3080000,0x00000007b4680000)
  to   space 22528K, 0% used [0x00000007b1a80000,0x00000007b1a80000,0x00000007b3080000)
 ParOldGen       total 126464K, used 42832K [0x000000070ae00000, 0x0000000712980000, 0x00000007ae500000)
  object space 126464K, 33% used [0x000000070ae00000,0x000000070d7d4108,0x0000000712980000)
 Metaspace       used 93199K, committed 94336K, reserved 1138688K
  class space    used 11680K, committed 12096K, reserved 1048576K
}
Event: 3770.809 GC heap before
{Heap before GC invocations=58 (full 5):
 PSYoungGen      total 77312K, used 54784K [0x00000007ae500000, 0x00000007b4680000, 0x0000000800000000)
  eden space 54784K, 100% used [0x00000007ae500000,0x00000007b1a80000,0x00000007b1a80000)
  from space 22528K, 0% used [0x00000007b3080000,0x00000007b3080000,0x00000007b4680000)
  to   space 22528K, 0% used [0x00000007b1a80000,0x00000007b1a80000,0x00000007b3080000)
 ParOldGen       total 126464K, used 42832K [0x000000070ae00000, 0x0000000712980000, 0x00000007ae500000)
  object space 126464K, 33% used [0x000000070ae00000,0x000000070d7d4108,0x0000000712980000)
 Metaspace       used 93350K, committed 94336K, reserved 1138688K
  class space    used 11693K, committed 12096K, reserved 1048576K
}
Event: 3770.811 GC heap after
{Heap after GC invocations=58 (full 5):
 PSYoungGen      total 68608K, used 14715K [0x00000007ae500000, 0x00000007b4680000, 0x0000000800000000)
  eden space 53760K, 0% used [0x00000007ae500000,0x00000007ae500000,0x00000007b1980000)
  from space 14848K, 99% used [0x00000007b1a80000,0x00000007b28ded70,0x00000007b2900000)
  to   space 23040K, 0% used [0x00000007b3000000,0x00000007b3000000,0x00000007b4680000)
 ParOldGen       total 126464K, used 42840K [0x000000070ae00000, 0x0000000712980000, 0x00000007ae500000)
  object space 126464K, 33% used [0x000000070ae00000,0x000000070d7d6108,0x0000000712980000)
 Metaspace       used 93350K, committed 94336K, reserved 1138688K
  class space    used 11693K, committed 12096K, reserved 1048576K
}
Event: 3777.916 GC heap before
{Heap before GC invocations=59 (full 5):
 PSYoungGen      total 68608K, used 68475K [0x00000007ae500000, 0x00000007b4680000, 0x0000000800000000)
  eden space 53760K, 100% used [0x00000007ae500000,0x00000007b1980000,0x00000007b1980000)
  from space 14848K, 99% used [0x00000007b1a80000,0x00000007b28ded70,0x00000007b2900000)
  to   space 23040K, 0% used [0x00000007b3000000,0x00000007b3000000,0x00000007b4680000)
 ParOldGen       total 126464K, used 42840K [0x000000070ae00000, 0x0000000712980000, 0x00000007ae500000)
  object space 126464K, 33% used [0x000000070ae00000,0x000000070d7d6108,0x0000000712980000)
 Metaspace       used 93459K, committed 94336K, reserved 1138688K
  class space    used 11706K, committed 12096K, reserved 1048576K
}
Event: 3777.919 GC heap after
{Heap after GC invocations=59 (full 5):
 PSYoungGen      total 73728K, used 11798K [0x00000007ae500000, 0x00000007b4480000, 0x0000000800000000)
  eden space 52736K, 0% used [0x00000007ae500000,0x00000007ae500000,0x00000007b1880000)
  from space 20992K, 56% used [0x00000007b3000000,0x00000007b3b85ae8,0x00000007b4480000)
  to   space 22528K, 0% used [0x00000007b1880000,0x00000007b1880000,0x00000007b2e80000)
 ParOldGen       total 126464K, used 46413K [0x000000070ae00000, 0x0000000712980000, 0x00000007ae500000)
  object space 126464K, 36% used [0x000000070ae00000,0x000000070db534b8,0x0000000712980000)
 Metaspace       used 93459K, committed 94336K, reserved 1138688K
  class space    used 11706K, committed 12096K, reserved 1048576K
}
Event: 3781.742 GC heap before
{Heap before GC invocations=60 (full 5):
 PSYoungGen      total 73728K, used 64534K [0x00000007ae500000, 0x00000007b4480000, 0x0000000800000000)
  eden space 52736K, 100% used [0x00000007ae500000,0x00000007b1880000,0x00000007b1880000)
  from space 20992K, 56% used [0x00000007b3000000,0x00000007b3b85ae8,0x00000007b4480000)
  to   space 22528K, 0% used [0x00000007b1880000,0x00000007b1880000,0x00000007b2e80000)
 ParOldGen       total 126464K, used 46413K [0x000000070ae00000, 0x0000000712980000, 0x00000007ae500000)
  object space 126464K, 36% used [0x000000070ae00000,0x000000070db534b8,0x0000000712980000)
 Metaspace       used 93615K, committed 94464K, reserved 1138688K
  class space    used 11720K, committed 12096K, reserved 1048576K
}
Event: 3781.744 GC heap after
{Heap after GC invocations=60 (full 5):
 PSYoungGen      total 65536K, used 13405K [0x00000007ae500000, 0x00000007b4380000, 0x0000000800000000)
  eden space 51712K, 0% used [0x00000007ae500000,0x00000007ae500000,0x00000007b1780000)
  from space 13824K, 96% used [0x00000007b1880000,0x00000007b2597578,0x00000007b2600000)
  to   space 22528K, 0% used [0x00000007b2d80000,0x00000007b2d80000,0x00000007b4380000)
 ParOldGen       total 126464K, used 46565K [0x000000070ae00000, 0x0000000712980000, 0x00000007ae500000)
  object space 126464K, 36% used [0x000000070ae00000,0x000000070db794d8,0x0000000712980000)
 Metaspace       used 93615K, committed 94464K, reserved 1138688K
  class space    used 11720K, committed 12096K, reserved 1048576K
}
Event: 4564.272 GC heap before
{Heap before GC invocations=61 (full 5):
 PSYoungGen      total 65536K, used 65105K [0x00000007ae500000, 0x00000007b4380000, 0x0000000800000000)
  eden space 51712K, 99% used [0x00000007ae500000,0x00000007b177cf38,0x00000007b1780000)
  from space 13824K, 96% used [0x00000007b1880000,0x00000007b2597578,0x00000007b2600000)
  to   space 22528K, 0% used [0x00000007b2d80000,0x00000007b2d80000,0x00000007b4380000)
 ParOldGen       total 126464K, used 46565K [0x000000070ae00000, 0x0000000712980000, 0x00000007ae500000)
  object space 126464K, 36% used [0x000000070ae00000,0x000000070db794d8,0x0000000712980000)
 Metaspace       used 93729K, committed 94528K, reserved 1138688K
  class space    used 11736K, committed 12096K, reserved 1048576K
}
Event: 4564.273 GC heap after
{Heap after GC invocations=61 (full 5):
 PSYoungGen      total 72192K, used 4505K [0x00000007ae500000, 0x00000007b4280000, 0x0000000800000000)
  eden space 50688K, 0% used [0x00000007ae500000,0x00000007ae500000,0x00000007b1680000)
  from space 21504K, 20% used [0x00000007b2d80000,0x00000007b31e6708,0x00000007b4280000)
  to   space 22528K, 0% used [0x00000007b1680000,0x00000007b1680000,0x00000007b2c80000)
 ParOldGen       total 126464K, used 46725K [0x000000070ae00000, 0x0000000712980000, 0x00000007ae500000)
  object space 126464K, 36% used [0x000000070ae00000,0x000000070dba1508,0x0000000712980000)
 Metaspace       used 93729K, committed 94528K, reserved 1138688K
  class space    used 11736K, committed 12096K, reserved 1048576K
}

